<?xml version="1.0" encoding="UTF-8"?>
<!-- Generated by org.testng.reporters.JUnitReportReporter -->
<testsuite name="com.org.MyStore.Testcases.Index_Page_Test" tests="1" time="0.440" ignored="0" failures="0" timestamp="06 Jan 2022 11:30:06 GMT" skipped="0" hostname="Inthiyaz" errors="0">
  <testcase name="Verify_Index_Page_Test" time="0.440" classname="com.org.MyStore.Testcases.Index_Page_Test"/>
</testsuite> <!-- com.org.MyStore.Testcases.Index_Page_Test -->
