<?xml version="1.0" encoding="UTF-8"?>
<!-- Generated by org.testng.reporters.JUnitReportReporter -->
<testsuite name="com.org.MyStore.Testcases.SearchResult_Page_Test" tests="2" time="6.983" ignored="0" failures="0" timestamp="06 Jan 2022 11:32:37 GMT" skipped="0" hostname="Inthiyaz" errors="0">
  <testcase name="Verify_Index_Page" time="0.545" classname="com.org.MyStore.Testcases.SearchResult_Page_Test"/>
  <testcase name="Verify_SearchResult_Page" time="6.438" classname="com.org.MyStore.Testcases.SearchResult_Page_Test"/>
</testsuite> <!-- com.org.MyStore.Testcases.SearchResult_Page_Test -->
